DEBUG:root:OverTheLimitException raised
DEBUG:parso.python.diff:diff parser start
DEBUG:parso.python.diff:line_lengths old: 10; new: 2
DEBUG:parso.python.diff:-> code[replace] old[1:10] new[1:2]
DEBUG:parso.python.diff:parse_part from 1 to 2 (to 1 in part parser)
DEBUG:parso.python.diff:diff parser end
DEBUG:parso.python.diff:diff parser start
DEBUG:parso.python.diff:line_lengths old: 2; new: 2
DEBUG:parso.python.diff:-> code[equal] old[1:1] new[1:1]
DEBUG:parso.python.diff:parse_part from 1 to 2 (to 1 in part parser)
DEBUG:parso.python.diff:-> code[replace] old[2:2] new[2:2]
DEBUG:parso.python.diff:diff parser end
DEBUG:parso.python.diff:diff parser start
DEBUG:parso.python.diff:line_lengths old: 2; new: 2
DEBUG:parso.python.diff:-> code[equal] old[1:1] new[1:1]
DEBUG:parso.python.diff:parse_part from 1 to 2 (to 1 in part parser)
DEBUG:parso.python.diff:-> code[replace] old[2:2] new[2:2]
DEBUG:parso.python.diff:diff parser end
DEBUG:parso.python.diff:diff parser start
DEBUG:parso.python.diff:line_lengths old: 2; new: 2
DEBUG:parso.python.diff:-> code[equal] old[1:1] new[1:1]
DEBUG:parso.python.diff:parse_part from 1 to 2 (to 1 in part parser)
DEBUG:parso.python.diff:-> code[replace] old[2:2] new[2:2]
DEBUG:parso.python.diff:diff parser end
DEBUG:parso.python.diff:diff parser start
DEBUG:parso.python.diff:line_lengths old: 2; new: 3
DEBUG:parso.python.diff:-> code[equal] old[1:1] new[1:1]
DEBUG:parso.python.diff:parse_part from 1 to 2 (to 2 in part parser)
DEBUG:parso.python.diff:-> code[replace] old[2:2] new[2:3]
DEBUG:parso.python.diff:parse_part from 3 to 3 (to 2 in part parser)
DEBUG:parso.python.diff:diff parser end
DEBUG:parso.python.diff:diff parser start
DEBUG:parso.python.diff:line_lengths old: 3; new: 3
DEBUG:parso.python.diff:-> code[equal] old[1:2] new[1:2]
DEBUG:parso.python.diff:copy old[2:2] new[1:2]
DEBUG:parso.python.diff:-> code[replace] old[3:3] new[3:3]
DEBUG:parso.python.diff:parse_part from 3 to 3 (to 2 in part parser)
DEBUG:parso.python.diff:diff parser end
DEBUG:parso.python.diff:diff parser start
DEBUG:parso.python.diff:line_lengths old: 3; new: 3
DEBUG:parso.python.diff:-> code[equal] old[1:2] new[1:2]
DEBUG:parso.python.diff:copy old[2:2] new[1:2]
DEBUG:parso.python.diff:-> code[replace] old[3:3] new[3:3]
DEBUG:parso.python.diff:parse_part from 3 to 3 (to 2 in part parser)
DEBUG:parso.python.diff:diff parser end
DEBUG:root:OverTheLimitException raised
DEBUG:parso.python.diff:diff parser start
DEBUG:parso.python.diff:line_lengths old: 3; new: 4
DEBUG:parso.python.diff:-> code[equal] old[1:1] new[1:1]
DEBUG:parso.python.diff:parse_part from 1 to 2 (to 2 in part parser)
DEBUG:parso.python.diff:-> code[replace] old[2:3] new[2:4]
DEBUG:parso.python.diff:parse_part from 3 to 4 (to 3 in part parser)
DEBUG:parso.python.diff:diff parser end
DEBUG:parso.python.diff:diff parser start
DEBUG:parso.python.diff:line_lengths old: 4; new: 1
DEBUG:parso.python.diff:-> code[replace] old[1:4] new[1:1]
DEBUG:parso.python.diff:parse_part from 1 to 1 (to 0 in part parser)
DEBUG:parso.python.diff:diff parser end
DEBUG:parso.python.diff:diff parser start
DEBUG:parso.python.diff:line_lengths old: 1; new: 4
DEBUG:parso.python.diff:-> code[replace] old[1:1] new[1:4]
DEBUG:parso.python.diff:parse_part from 1 to 4 (to 3 in part parser)
DEBUG:parso.python.diff:diff parser end
DEBUG:parso.python.diff:diff parser start
DEBUG:parso.python.diff:line_lengths old: 4; new: 4
DEBUG:parso.python.diff:-> code[equal] old[1:3] new[1:3]
DEBUG:parso.python.diff:parse_part from 1 to 4 (to 3 in part parser)
DEBUG:parso.python.diff:-> code[replace] old[4:4] new[4:4]
DEBUG:parso.python.diff:diff parser end
DEBUG:parso.python.diff:diff parser start
DEBUG:parso.python.diff:line_lengths old: 4; new: 4
DEBUG:parso.python.diff:-> code[equal] old[1:3] new[1:3]
DEBUG:parso.python.diff:parse_part from 1 to 4 (to 3 in part parser)
DEBUG:parso.python.diff:-> code[replace] old[4:4] new[4:4]
DEBUG:parso.python.diff:diff parser end
DEBUG:parso.python.diff:diff parser start
DEBUG:parso.python.diff:line_lengths old: 4; new: 4
DEBUG:parso.python.diff:-> code[equal] old[1:3] new[1:3]
DEBUG:parso.python.diff:parse_part from 1 to 4 (to 3 in part parser)
DEBUG:parso.python.diff:-> code[replace] old[4:4] new[4:4]
DEBUG:parso.python.diff:diff parser end
DEBUG:parso.python.diff:diff parser start
DEBUG:parso.python.diff:line_lengths old: 4; new: 4
DEBUG:parso.python.diff:-> code[equal] old[1:3] new[1:3]
DEBUG:parso.python.diff:parse_part from 1 to 4 (to 3 in part parser)
DEBUG:parso.python.diff:-> code[replace] old[4:4] new[4:4]
DEBUG:parso.python.diff:diff parser end
DEBUG:parso.python.diff:diff parser start
DEBUG:parso.python.diff:line_lengths old: 4; new: 4
DEBUG:parso.python.diff:-> code[equal] old[1:3] new[1:3]
DEBUG:parso.python.diff:parse_part from 1 to 4 (to 3 in part parser)
DEBUG:parso.python.diff:-> code[replace] old[4:4] new[4:4]
DEBUG:parso.python.diff:diff parser end
DEBUG:parso.python.diff:diff parser start
DEBUG:parso.python.diff:line_lengths old: 4; new: 5
DEBUG:parso.python.diff:-> code[equal] old[1:3] new[1:3]
DEBUG:parso.python.diff:parse_part from 1 to 5 (to 4 in part parser)
DEBUG:parso.python.diff:-> code[replace] old[4:4] new[4:5]
DEBUG:parso.python.diff:diff parser end
DEBUG:parso.python.diff:diff parser start
DEBUG:parso.python.diff:line_lengths old: 5; new: 5
DEBUG:parso.python.diff:-> code[equal] old[1:4] new[1:4]
DEBUG:parso.python.diff:parse_part from 1 to 5 (to 4 in part parser)
DEBUG:parso.python.diff:-> code[replace] old[5:5] new[5:5]
DEBUG:parso.python.diff:diff parser end
DEBUG:parso.python.diff:diff parser start
DEBUG:parso.python.diff:line_lengths old: 5; new: 7
DEBUG:parso.python.diff:-> code[replace] old[1:5] new[1:7]
DEBUG:parso.python.diff:parse_part from 1 to 7 (to 6 in part parser)
DEBUG:parso.python.diff:diff parser end
DEBUG:parso.python.diff:diff parser start
DEBUG:parso.python.diff:line_lengths old: 7; new: 7
DEBUG:parso.python.diff:-> code[equal] old[1:6] new[1:6]
DEBUG:parso.python.diff:copy old[2:6] new[1:6]
DEBUG:parso.python.diff:-> code[replace] old[7:7] new[7:7]
DEBUG:parso.python.diff:parse_part from 7 to 7 (to 6 in part parser)
DEBUG:parso.python.diff:diff parser end
DEBUG:parso.python.diff:diff parser start
DEBUG:parso.python.diff:line_lengths old: 7; new: 7
DEBUG:parso.python.diff:-> code[equal] old[1:6] new[1:6]
DEBUG:parso.python.diff:copy old[2:6] new[1:6]
DEBUG:parso.python.diff:-> code[replace] old[7:7] new[7:7]
DEBUG:parso.python.diff:parse_part from 7 to 7 (to 6 in part parser)
DEBUG:parso.python.diff:diff parser end
DEBUG:parso.python.diff:diff parser start
DEBUG:parso.python.diff:line_lengths old: 7; new: 8
DEBUG:parso.python.diff:-> code[equal] old[1:6] new[1:6]
DEBUG:parso.python.diff:copy old[2:6] new[1:6]
DEBUG:parso.python.diff:-> code[replace] old[7:7] new[7:8]
DEBUG:parso.python.diff:parse_part from 7 to 8 (to 7 in part parser)
DEBUG:parso.python.diff:diff parser end
DEBUG:parso.python.diff:diff parser start
DEBUG:parso.python.diff:line_lengths old: 8; new: 8
DEBUG:parso.python.diff:-> code[equal] old[1:7] new[1:7]
DEBUG:parso.python.diff:copy old[2:6] new[1:6]
DEBUG:parso.python.diff:parse_part from 7 to 8 (to 7 in part parser)
DEBUG:parso.python.diff:-> code[replace] old[8:8] new[8:8]
DEBUG:parso.python.diff:diff parser end
DEBUG:parso.python.diff:diff parser start
DEBUG:parso.python.diff:line_lengths old: 8; new: 6
DEBUG:parso.python.diff:-> code[equal] old[1:5] new[1:5]
DEBUG:parso.python.diff:copy old[2:4] new[1:4]
DEBUG:parso.python.diff:parse_part from 5 to 5 (to 5 in part parser)
DEBUG:parso.python.diff:-> code[replace] old[6:8] new[6:6]
DEBUG:parso.python.diff:parse_part from 6 to 6 (to 5 in part parser)
DEBUG:parso.python.diff:diff parser end
DEBUG:parso.python.diff:diff parser start
DEBUG:parso.python.diff:line_lengths old: 6; new: 10
DEBUG:parso.python.diff:-> code[equal] old[1:5] new[1:5]
DEBUG:parso.python.diff:copy old[2:4] new[1:4]
DEBUG:parso.python.diff:parse_part from 5 to 5 (to 5 in part parser)
DEBUG:parso.python.diff:-> code[replace] old[6:6] new[6:10]
DEBUG:parso.python.diff:parse_part from 6 to 10 (to 9 in part parser)
DEBUG:parso.python.diff:diff parser end
DEBUG:parso.python.diff:diff parser start
DEBUG:parso.python.diff:line_lengths old: 10; new: 10
DEBUG:parso.python.diff:-> code[equal] old[1:9] new[1:9]
DEBUG:parso.python.diff:copy old[2:4] new[1:4]
DEBUG:parso.python.diff:parse_part from 5 to 5 (to 5 in part parser)
DEBUG:parso.python.diff:parse_part from 6 to 10 (to 9 in part parser)
DEBUG:parso.python.diff:-> code[replace] old[10:10] new[10:10]
DEBUG:parso.python.diff:diff parser end
DEBUG:parso.python.diff:diff parser start
DEBUG:parso.python.diff:line_lengths old: 10; new: 10
DEBUG:parso.python.diff:-> code[equal] old[1:9] new[1:9]
DEBUG:parso.python.diff:copy old[2:4] new[1:4]
DEBUG:parso.python.diff:parse_part from 5 to 5 (to 5 in part parser)
DEBUG:parso.python.diff:parse_part from 6 to 10 (to 9 in part parser)
DEBUG:parso.python.diff:-> code[replace] old[10:10] new[10:10]
DEBUG:parso.python.diff:diff parser end
DEBUG:parso.python.diff:diff parser start
DEBUG:parso.python.diff:line_lengths old: 10; new: 10
DEBUG:parso.python.diff:-> code[equal] old[1:9] new[1:9]
DEBUG:parso.python.diff:copy old[2:4] new[1:4]
DEBUG:parso.python.diff:parse_part from 5 to 5 (to 5 in part parser)
DEBUG:parso.python.diff:parse_part from 6 to 10 (to 9 in part parser)
DEBUG:parso.python.diff:-> code[replace] old[10:10] new[10:10]
DEBUG:parso.python.diff:diff parser end
DEBUG:parso.python.diff:diff parser start
DEBUG:parso.python.diff:line_lengths old: 10; new: 11
DEBUG:parso.python.diff:-> code[equal] old[1:9] new[1:9]
DEBUG:parso.python.diff:copy old[2:4] new[1:4]
DEBUG:parso.python.diff:parse_part from 5 to 5 (to 5 in part parser)
DEBUG:parso.python.diff:parse_part from 6 to 11 (to 10 in part parser)
DEBUG:parso.python.diff:-> code[replace] old[10:10] new[10:11]
DEBUG:parso.python.diff:diff parser end
DEBUG:parso.python.diff:diff parser start
DEBUG:parso.python.diff:line_lengths old: 11; new: 11
DEBUG:parso.python.diff:-> code[equal] old[1:10] new[1:10]
DEBUG:parso.python.diff:copy old[2:4] new[1:4]
DEBUG:parso.python.diff:parse_part from 5 to 5 (to 5 in part parser)
DEBUG:parso.python.diff:parse_part from 6 to 11 (to 10 in part parser)
DEBUG:parso.python.diff:-> code[replace] old[11:11] new[11:11]
DEBUG:parso.python.diff:diff parser end
DEBUG:parso.python.diff:diff parser start
DEBUG:parso.python.diff:line_lengths old: 11; new: 12
DEBUG:parso.python.diff:-> code[equal] old[1:10] new[1:10]
DEBUG:parso.python.diff:copy old[2:4] new[1:4]
DEBUG:parso.python.diff:parse_part from 5 to 5 (to 5 in part parser)
DEBUG:parso.python.diff:parse_part from 6 to 12 (to 11 in part parser)
DEBUG:parso.python.diff:-> code[replace] old[11:11] new[11:12]
DEBUG:parso.python.diff:diff parser end
DEBUG:parso.python.diff:diff parser start
DEBUG:parso.python.diff:line_lengths old: 12; new: 12
DEBUG:parso.python.diff:-> code[equal] old[1:11] new[1:11]
DEBUG:parso.python.diff:copy old[2:4] new[1:4]
DEBUG:parso.python.diff:parse_part from 5 to 5 (to 5 in part parser)
DEBUG:parso.python.diff:parse_part from 6 to 12 (to 11 in part parser)
DEBUG:parso.python.diff:-> code[replace] old[12:12] new[12:12]
DEBUG:parso.python.diff:diff parser end
DEBUG:parso.python.diff:diff parser start
DEBUG:parso.python.diff:line_lengths old: 12; new: 12
DEBUG:parso.python.diff:-> code[equal] old[1:11] new[1:11]
DEBUG:parso.python.diff:copy old[2:4] new[1:4]
DEBUG:parso.python.diff:parse_part from 5 to 5 (to 5 in part parser)
DEBUG:parso.python.diff:parse_part from 6 to 12 (to 11 in part parser)
DEBUG:parso.python.diff:-> code[replace] old[12:12] new[12:12]
DEBUG:parso.python.diff:diff parser end
DEBUG:parso.python.diff:diff parser start
DEBUG:parso.python.diff:line_lengths old: 12; new: 13
DEBUG:parso.python.diff:-> code[equal] old[1:11] new[1:11]
DEBUG:parso.python.diff:copy old[2:4] new[1:4]
DEBUG:parso.python.diff:parse_part from 5 to 5 (to 5 in part parser)
DEBUG:parso.python.diff:parse_part from 6 to 13 (to 12 in part parser)
DEBUG:parso.python.diff:-> code[replace] old[12:12] new[12:13]
DEBUG:parso.python.diff:diff parser end
