INFO:root:Divion in progress
ERROR:root:Division by Zero
DEBUG:parso.cache:pickle loaded: c:\users\surya\appdata\local\programs\python\python39\lib\site-packages\jedi\third_party\typeshed\stdlib\3\builtins.pyi
DEBUG:parso.cache:pickle loaded: c:\users\surya\appdata\local\programs\python\python39\lib\site-packages\jedi\third_party\typeshed\stdlib\3\sys.pyi
DEBUG:parso.python.diff:diff parser start
DEBUG:parso.python.diff:line_lengths old: 5; new: 5
DEBUG:parso.python.diff:-> code[equal] old[1:4] new[1:4]
DEBUG:parso.python.diff:copy old[1:4] new[1:4]
DEBUG:parso.python.diff:-> code[replace] old[5:5] new[5:5]
DEBUG:parso.python.diff:parse_part from 5 to 5 (to 4 in part parser)
DEBUG:parso.python.diff:diff parser end
DEBUG:parso.cache:pickle loaded: c:\users\surya\appdata\local\programs\python\python39\lib\logging\__init__.py
DEBUG:parso.python.diff:diff parser start
DEBUG:parso.python.diff:line_lengths old: 5; new: 5
DEBUG:parso.python.diff:-> code[equal] old[1:4] new[1:4]
DEBUG:parso.python.diff:copy old[1:4] new[1:4]
DEBUG:parso.python.diff:-> code[replace] old[5:5] new[5:5]
DEBUG:parso.python.diff:parse_part from 5 to 5 (to 4 in part parser)
DEBUG:parso.python.diff:diff parser end
DEBUG:parso.python.diff:diff parser start
DEBUG:parso.python.diff:line_lengths old: 5; new: 5
DEBUG:parso.python.diff:-> code[equal] old[1:4] new[1:4]
DEBUG:parso.python.diff:copy old[1:4] new[1:4]
DEBUG:parso.python.diff:-> code[replace] old[5:5] new[5:5]
DEBUG:parso.python.diff:parse_part from 5 to 5 (to 4 in part parser)
DEBUG:parso.python.diff:diff parser end
DEBUG:parso.python.diff:diff parser start
DEBUG:parso.python.diff:line_lengths old: 5; new: 5
DEBUG:parso.python.diff:-> code[equal] old[1:4] new[1:4]
DEBUG:parso.python.diff:copy old[1:4] new[1:4]
DEBUG:parso.python.diff:-> code[replace] old[5:5] new[5:5]
DEBUG:parso.python.diff:parse_part from 5 to 5 (to 4 in part parser)
DEBUG:parso.python.diff:diff parser end
DEBUG:parso.python.diff:diff parser start
DEBUG:parso.python.diff:line_lengths old: 5; new: 5
DEBUG:parso.python.diff:-> code[equal] old[1:4] new[1:4]
DEBUG:parso.python.diff:copy old[1:4] new[1:4]
DEBUG:parso.python.diff:-> code[replace] old[5:5] new[5:5]
DEBUG:parso.python.diff:parse_part from 5 to 5 (to 4 in part parser)
DEBUG:parso.python.diff:diff parser end
DEBUG:parso.python.diff:diff parser start
DEBUG:parso.python.diff:line_lengths old: 5; new: 5
DEBUG:parso.python.diff:-> code[equal] old[1:4] new[1:4]
DEBUG:parso.python.diff:copy old[1:4] new[1:4]
DEBUG:parso.python.diff:-> code[replace] old[5:5] new[5:5]
DEBUG:parso.python.diff:parse_part from 5 to 5 (to 4 in part parser)
DEBUG:parso.python.diff:diff parser end
DEBUG:parso.python.diff:diff parser start
DEBUG:parso.python.diff:line_lengths old: 5; new: 5
DEBUG:parso.python.diff:-> code[equal] old[1:4] new[1:4]
DEBUG:parso.python.diff:copy old[1:4] new[1:4]
DEBUG:parso.python.diff:-> code[replace] old[5:5] new[5:5]
DEBUG:parso.python.diff:parse_part from 5 to 5 (to 4 in part parser)
DEBUG:parso.python.diff:diff parser end
DEBUG:parso.python.diff:diff parser start
DEBUG:parso.python.diff:line_lengths old: 5; new: 5
DEBUG:parso.python.diff:-> code[equal] old[1:4] new[1:4]
DEBUG:parso.python.diff:copy old[1:4] new[1:4]
DEBUG:parso.python.diff:-> code[replace] old[5:5] new[5:5]
DEBUG:parso.python.diff:parse_part from 5 to 5 (to 4 in part parser)
DEBUG:parso.python.diff:diff parser end
DEBUG:parso.python.diff:diff parser start
DEBUG:parso.python.diff:line_lengths old: 5; new: 5
DEBUG:parso.python.diff:-> code[equal] old[1:4] new[1:4]
DEBUG:parso.python.diff:copy old[1:4] new[1:4]
DEBUG:parso.python.diff:-> code[replace] old[5:5] new[5:5]
DEBUG:parso.python.diff:parse_part from 5 to 5 (to 4 in part parser)
DEBUG:parso.python.diff:diff parser end
DEBUG:parso.python.diff:diff parser start
DEBUG:parso.python.diff:line_lengths old: 5; new: 5
DEBUG:parso.python.diff:-> code[equal] old[1:4] new[1:4]
DEBUG:parso.python.diff:copy old[1:4] new[1:4]
DEBUG:parso.python.diff:-> code[replace] old[5:5] new[5:5]
DEBUG:parso.python.diff:parse_part from 5 to 5 (to 4 in part parser)
DEBUG:parso.python.diff:diff parser end
DEBUG:parso.python.diff:diff parser start
DEBUG:parso.python.diff:line_lengths old: 5; new: 5
DEBUG:parso.python.diff:-> code[equal] old[1:4] new[1:4]
DEBUG:parso.python.diff:copy old[1:4] new[1:4]
DEBUG:parso.python.diff:-> code[replace] old[5:5] new[5:5]
DEBUG:parso.python.diff:parse_part from 5 to 5 (to 4 in part parser)
DEBUG:parso.python.diff:diff parser end
DEBUG:parso.python.diff:diff parser start
DEBUG:parso.python.diff:line_lengths old: 5; new: 5
DEBUG:parso.python.diff:-> code[equal] old[1:4] new[1:4]
DEBUG:parso.python.diff:copy old[1:4] new[1:4]
DEBUG:parso.python.diff:-> code[replace] old[5:5] new[5:5]
DEBUG:parso.python.diff:parse_part from 5 to 5 (to 4 in part parser)
DEBUG:parso.python.diff:diff parser end
DEBUG:parso.python.diff:diff parser start
DEBUG:parso.python.diff:line_lengths old: 5; new: 5
DEBUG:parso.python.diff:-> code[equal] old[1:4] new[1:4]
DEBUG:parso.python.diff:copy old[1:4] new[1:4]
DEBUG:parso.python.diff:-> code[replace] old[5:5] new[5:5]
DEBUG:parso.python.diff:parse_part from 5 to 5 (to 4 in part parser)
DEBUG:parso.python.diff:diff parser end
DEBUG:parso.python.diff:diff parser start
DEBUG:parso.python.diff:line_lengths old: 5; new: 5
DEBUG:parso.python.diff:-> code[equal] old[1:4] new[1:4]
DEBUG:parso.python.diff:copy old[1:4] new[1:4]
DEBUG:parso.python.diff:-> code[replace] old[5:5] new[5:5]
DEBUG:parso.python.diff:parse_part from 5 to 5 (to 4 in part parser)
DEBUG:parso.python.diff:diff parser end
DEBUG:parso.python.diff:diff parser start
DEBUG:parso.python.diff:line_lengths old: 5; new: 1
DEBUG:parso.python.diff:-> code[replace] old[1:5] new[1:1]
DEBUG:parso.python.diff:parse_part from 1 to 1 (to 0 in part parser)
DEBUG:parso.python.diff:diff parser end
DEBUG:parso.cache:pickle loaded: c:\users\surya\appdata\local\programs\python\python39\lib\typing.py
DEBUG:parso.cache:pickle loaded: c:\users\surya\appdata\local\programs\python\python39\lib\site-packages\jedi\third_party\typeshed\stdlib\3\typing.pyi
DEBUG:parso.python.diff:diff parser start
DEBUG:parso.python.diff:line_lengths old: 1; new: 1
DEBUG:parso.python.diff:-> code[replace] old[1:1] new[1:1]
DEBUG:parso.python.diff:parse_part from 1 to 1 (to 0 in part parser)
DEBUG:parso.python.diff:diff parser end
DEBUG:parso.python.diff:diff parser start
DEBUG:parso.python.diff:line_lengths old: 1; new: 2
DEBUG:parso.python.diff:-> code[replace] old[1:1] new[1:2]
DEBUG:parso.python.diff:parse_part from 1 to 2 (to 1 in part parser)
DEBUG:parso.python.diff:diff parser end
DEBUG:parso.python.diff:diff parser start
DEBUG:parso.python.diff:line_lengths old: 2; new: 2
DEBUG:parso.python.diff:-> code[equal] old[1:1] new[1:1]
DEBUG:parso.python.diff:copy old[1:1] new[1:1]
DEBUG:parso.python.diff:-> code[replace] old[2:2] new[2:2]
DEBUG:parso.python.diff:parse_part from 2 to 2 (to 1 in part parser)
DEBUG:parso.python.diff:diff parser end
DEBUG:parso.cache:pickle loaded: c:\users\surya\appdata\local\programs\python\python39\lib\os.py
DEBUG:parso.cache:pickle loaded: c:\users\surya\appdata\local\programs\python\python39\lib\site-packages\jedi\third_party\typeshed\stdlib\3\os\__init__.pyi
DEBUG:parso.cache:pickle loaded: c:\users\surya\appdata\local\programs\python\python39\lib\site-packages\jedi\third_party\typeshed\stdlib\3\posix.pyi
DEBUG:parso.cache:pickle loaded: c:\users\surya\appdata\local\programs\python\python39\lib\_collections_abc.py
DEBUG:parso.cache:pickle loaded: c:\users\surya\appdata\local\programs\python\python39\lib\posixpath.py
DEBUG:parso.cache:pickle loaded: c:\users\surya\appdata\local\programs\python\python39\lib\ntpath.py
DEBUG:parso.cache:pickle loaded: c:\users\surya\appdata\local\programs\python\python39\lib\site-packages\jedi\third_party\typeshed\stdlib\3\os\path.pyi
DEBUG:parso.python.diff:diff parser start
DEBUG:parso.python.diff:line_lengths old: 2; new: 3
DEBUG:parso.python.diff:-> code[equal] old[1:1] new[1:1]
DEBUG:parso.python.diff:copy old[1:1] new[1:1]
DEBUG:parso.python.diff:-> code[replace] old[2:2] new[2:3]
DEBUG:parso.python.diff:parse_part from 2 to 3 (to 2 in part parser)
DEBUG:parso.python.diff:diff parser end
DEBUG:parso.python.diff:diff parser start
DEBUG:parso.python.diff:line_lengths old: 3; new: 3
DEBUG:parso.python.diff:-> code[equal] old[1:2] new[1:2]
DEBUG:parso.python.diff:copy old[1:2] new[1:2]
DEBUG:parso.python.diff:-> code[replace] old[3:3] new[3:3]
DEBUG:parso.python.diff:parse_part from 3 to 3 (to 2 in part parser)
DEBUG:parso.python.diff:diff parser end
DEBUG:parso.python.diff:diff parser start
DEBUG:parso.python.diff:line_lengths old: 3; new: 3
DEBUG:parso.python.diff:-> code[equal] old[1:2] new[1:2]
DEBUG:parso.python.diff:copy old[1:2] new[1:2]
DEBUG:parso.python.diff:-> code[replace] old[3:3] new[3:3]
DEBUG:parso.python.diff:parse_part from 3 to 3 (to 2 in part parser)
DEBUG:parso.python.diff:diff parser end
DEBUG:parso.python.diff:diff parser start
DEBUG:parso.python.diff:line_lengths old: 3; new: 1
DEBUG:parso.python.diff:-> code[replace] old[1:3] new[1:1]
DEBUG:parso.python.diff:parse_part from 1 to 1 (to 0 in part parser)
DEBUG:parso.python.diff:diff parser end
DEBUG:parso.python.diff:diff parser start
DEBUG:parso.python.diff:line_lengths old: 1; new: 1
DEBUG:parso.python.diff:-> code[replace] old[1:1] new[1:1]
DEBUG:parso.python.diff:parse_part from 1 to 1 (to 0 in part parser)
DEBUG:parso.python.diff:diff parser end
DEBUG:parso.python.diff:diff parser start
DEBUG:parso.python.diff:line_lengths old: 1; new: 1
DEBUG:parso.python.diff:-> code[replace] old[1:1] new[1:1]
DEBUG:parso.python.diff:parse_part from 1 to 1 (to 0 in part parser)
DEBUG:parso.python.diff:diff parser end
DEBUG:parso.python.diff:diff parser start
DEBUG:parso.python.diff:line_lengths old: 1; new: 2
DEBUG:parso.python.diff:-> code[replace] old[1:1] new[1:2]
DEBUG:parso.python.diff:parse_part from 1 to 2 (to 1 in part parser)
DEBUG:parso.python.diff:diff parser end
DEBUG:parso.python.diff:diff parser start
DEBUG:parso.python.diff:line_lengths old: 2; new: 2
DEBUG:parso.python.diff:-> code[equal] old[1:1] new[1:1]
DEBUG:parso.python.diff:parse_part from 1 to 2 (to 1 in part parser)
DEBUG:parso.python.diff:-> code[replace] old[2:2] new[2:2]
DEBUG:parso.python.diff:diff parser end
DEBUG:parso.cache:pickle loaded: c:\users\surya\appdata\local\programs\python\python39\lib\types.py
DEBUG:parso.cache:pickle loaded: c:\users\surya\appdata\local\programs\python\python39\lib\site-packages\jedi\third_party\typeshed\stdlib\3\types.pyi
DEBUG:parso.python.diff:diff parser start
DEBUG:parso.python.diff:line_lengths old: 2; new: 2
DEBUG:parso.python.diff:-> code[equal] old[1:1] new[1:1]
DEBUG:parso.python.diff:parse_part from 1 to 2 (to 1 in part parser)
DEBUG:parso.python.diff:-> code[replace] old[2:2] new[2:2]
DEBUG:parso.python.diff:diff parser end
DEBUG:parso.python.diff:diff parser start
DEBUG:parso.python.diff:line_lengths old: 2; new: 2
DEBUG:parso.python.diff:-> code[equal] old[1:1] new[1:1]
DEBUG:parso.python.diff:parse_part from 1 to 2 (to 1 in part parser)
DEBUG:parso.python.diff:-> code[replace] old[2:2] new[2:2]
DEBUG:parso.python.diff:diff parser end
DEBUG:parso.python.diff:diff parser start
DEBUG:parso.python.diff:line_lengths old: 2; new: 2
DEBUG:parso.python.diff:-> code[equal] old[1:1] new[1:1]
DEBUG:parso.python.diff:parse_part from 1 to 2 (to 1 in part parser)
DEBUG:parso.python.diff:-> code[replace] old[2:2] new[2:2]
DEBUG:parso.python.diff:diff parser end
DEBUG:parso.python.diff:diff parser start
DEBUG:parso.python.diff:line_lengths old: 2; new: 2
DEBUG:parso.python.diff:-> code[equal] old[1:1] new[1:1]
DEBUG:parso.python.diff:parse_part from 1 to 2 (to 1 in part parser)
DEBUG:parso.python.diff:-> code[replace] old[2:2] new[2:2]
DEBUG:parso.python.diff:diff parser end
DEBUG:parso.python.diff:diff parser start
DEBUG:parso.python.diff:line_lengths old: 2; new: 2
DEBUG:parso.python.diff:-> code[equal] old[1:1] new[1:1]
DEBUG:parso.python.diff:parse_part from 1 to 2 (to 1 in part parser)
DEBUG:parso.python.diff:-> code[replace] old[2:2] new[2:2]
DEBUG:parso.python.diff:diff parser end
DEBUG:parso.python.diff:diff parser start
DEBUG:parso.python.diff:line_lengths old: 2; new: 2
DEBUG:parso.python.diff:-> code[equal] old[1:1] new[1:1]
DEBUG:parso.python.diff:parse_part from 1 to 2 (to 1 in part parser)
DEBUG:parso.python.diff:-> code[replace] old[2:2] new[2:2]
DEBUG:parso.python.diff:diff parser end
DEBUG:parso.python.diff:diff parser start
DEBUG:parso.python.diff:line_lengths old: 2; new: 3
DEBUG:parso.python.diff:-> code[equal] old[1:1] new[1:1]
DEBUG:parso.python.diff:parse_part from 1 to 3 (to 2 in part parser)
DEBUG:parso.python.diff:-> code[replace] old[2:2] new[2:3]
DEBUG:parso.python.diff:diff parser end
DEBUG:parso.python.diff:diff parser start
DEBUG:parso.python.diff:line_lengths old: 3; new: 3
DEBUG:parso.python.diff:-> code[equal] old[1:2] new[1:2]
DEBUG:parso.python.diff:parse_part from 1 to 3 (to 2 in part parser)
DEBUG:parso.python.diff:-> code[replace] old[3:3] new[3:3]
DEBUG:parso.python.diff:diff parser end
DEBUG:parso.python.diff:diff parser start
DEBUG:parso.python.diff:line_lengths old: 3; new: 3
DEBUG:parso.python.diff:-> code[equal] old[1:2] new[1:2]
DEBUG:parso.python.diff:parse_part from 1 to 3 (to 2 in part parser)
DEBUG:parso.python.diff:-> code[replace] old[3:3] new[3:3]
DEBUG:parso.python.diff:diff parser end
DEBUG:parso.python.diff:diff parser start
DEBUG:parso.python.diff:line_lengths old: 3; new: 3
DEBUG:parso.python.diff:-> code[equal] old[1:2] new[1:2]
DEBUG:parso.python.diff:parse_part from 1 to 3 (to 2 in part parser)
DEBUG:parso.python.diff:-> code[replace] old[3:3] new[3:3]
DEBUG:parso.python.diff:diff parser end
DEBUG:parso.python.diff:diff parser start
DEBUG:parso.python.diff:line_lengths old: 3; new: 5
DEBUG:parso.python.diff:-> code[equal] old[1:2] new[1:2]
DEBUG:parso.python.diff:parse_part from 1 to 3 (to 4 in part parser)
DEBUG:parso.python.diff:-> code[replace] old[3:3] new[3:5]
DEBUG:parso.python.diff:parse_part from 4 to 5 (to 4 in part parser)
DEBUG:parso.python.diff:diff parser end
DEBUG:parso.python.diff:diff parser start
DEBUG:parso.python.diff:line_lengths old: 5; new: 5
DEBUG:parso.python.diff:-> code[equal] old[1:4] new[1:4]
DEBUG:parso.python.diff:copy old[1:3] new[1:3]
DEBUG:parso.python.diff:parse_part from 4 to 4 (to 4 in part parser)
DEBUG:parso.python.diff:-> code[replace] old[5:5] new[5:5]
DEBUG:parso.python.diff:parse_part from 5 to 5 (to 4 in part parser)
DEBUG:parso.python.diff:diff parser end
DEBUG:parso.python.diff:diff parser start
DEBUG:parso.python.diff:line_lengths old: 5; new: 5
DEBUG:parso.python.diff:-> code[equal] old[1:4] new[1:4]
DEBUG:parso.python.diff:copy old[1:3] new[1:3]
DEBUG:parso.python.diff:parse_part from 4 to 4 (to 4 in part parser)
DEBUG:parso.python.diff:-> code[replace] old[5:5] new[5:5]
DEBUG:parso.python.diff:parse_part from 5 to 5 (to 4 in part parser)
DEBUG:parso.python.diff:diff parser end
DEBUG:parso.python.diff:diff parser start
DEBUG:parso.python.diff:line_lengths old: 5; new: 5
DEBUG:parso.python.diff:-> code[equal] old[1:4] new[1:4]
DEBUG:parso.python.diff:copy old[1:3] new[1:3]
DEBUG:parso.python.diff:parse_part from 4 to 4 (to 4 in part parser)
DEBUG:parso.python.diff:-> code[replace] old[5:5] new[5:5]
DEBUG:parso.python.diff:parse_part from 5 to 5 (to 4 in part parser)
DEBUG:parso.python.diff:diff parser end
DEBUG:parso.python.diff:diff parser start
DEBUG:parso.python.diff:line_lengths old: 5; new: 5
DEBUG:parso.python.diff:-> code[equal] old[1:4] new[1:4]
DEBUG:parso.python.diff:copy old[1:3] new[1:3]
DEBUG:parso.python.diff:parse_part from 4 to 4 (to 4 in part parser)
DEBUG:parso.python.diff:-> code[replace] old[5:5] new[5:5]
DEBUG:parso.python.diff:parse_part from 5 to 5 (to 4 in part parser)
DEBUG:parso.python.diff:diff parser end
DEBUG:parso.python.diff:diff parser start
DEBUG:parso.python.diff:line_lengths old: 5; new: 6
DEBUG:parso.python.diff:-> code[equal] old[1:4] new[1:4]
DEBUG:parso.python.diff:copy old[1:3] new[1:3]
DEBUG:parso.python.diff:parse_part from 4 to 4 (to 4 in part parser)
DEBUG:parso.python.diff:-> code[replace] old[5:5] new[5:6]
DEBUG:parso.python.diff:parse_part from 5 to 6 (to 5 in part parser)
DEBUG:parso.python.diff:diff parser end
DEBUG:parso.python.diff:diff parser start
DEBUG:parso.python.diff:line_lengths old: 6; new: 6
DEBUG:parso.python.diff:-> code[equal] old[1:5] new[1:5]
DEBUG:parso.python.diff:copy old[1:3] new[1:3]
DEBUG:parso.python.diff:parse_part from 4 to 4 (to 4 in part parser)
DEBUG:parso.python.diff:parse_part from 5 to 6 (to 5 in part parser)
DEBUG:parso.python.diff:-> code[replace] old[6:6] new[6:6]
DEBUG:parso.python.diff:diff parser end
DEBUG:parso.python.diff:diff parser start
DEBUG:parso.python.diff:line_lengths old: 6; new: 6
DEBUG:parso.python.diff:-> code[equal] old[1:5] new[1:5]
DEBUG:parso.python.diff:copy old[1:3] new[1:3]
DEBUG:parso.python.diff:parse_part from 4 to 4 (to 4 in part parser)
DEBUG:parso.python.diff:parse_part from 5 to 6 (to 5 in part parser)
DEBUG:parso.python.diff:-> code[replace] old[6:6] new[6:6]
DEBUG:parso.python.diff:diff parser end
DEBUG:parso.python.diff:diff parser start
DEBUG:parso.python.diff:line_lengths old: 6; new: 7
DEBUG:parso.python.diff:-> code[equal] old[1:5] new[1:5]
DEBUG:parso.python.diff:copy old[1:3] new[1:3]
DEBUG:parso.python.diff:parse_part from 4 to 4 (to 4 in part parser)
DEBUG:parso.python.diff:parse_part from 5 to 7 (to 6 in part parser)
DEBUG:parso.python.diff:-> code[replace] old[6:6] new[6:7]
DEBUG:parso.python.diff:diff parser end
DEBUG:parso.python.diff:diff parser start
DEBUG:parso.python.diff:line_lengths old: 7; new: 7
DEBUG:parso.python.diff:-> code[equal] old[1:6] new[1:6]
DEBUG:parso.python.diff:copy old[1:3] new[1:3]
DEBUG:parso.python.diff:parse_part from 4 to 4 (to 4 in part parser)
DEBUG:parso.python.diff:parse_part from 5 to 7 (to 6 in part parser)
DEBUG:parso.python.diff:-> code[replace] old[7:7] new[7:7]
DEBUG:parso.python.diff:diff parser end
DEBUG:parso.python.diff:diff parser start
DEBUG:parso.python.diff:line_lengths old: 7; new: 7
DEBUG:parso.python.diff:-> code[equal] old[1:6] new[1:6]
DEBUG:parso.python.diff:copy old[1:3] new[1:3]
DEBUG:parso.python.diff:parse_part from 4 to 4 (to 4 in part parser)
DEBUG:parso.python.diff:parse_part from 5 to 7 (to 6 in part parser)
DEBUG:parso.python.diff:-> code[replace] old[7:7] new[7:7]
DEBUG:parso.python.diff:diff parser end
DEBUG:parso.python.diff:diff parser start
DEBUG:parso.python.diff:line_lengths old: 7; new: 7
DEBUG:parso.python.diff:-> code[equal] old[1:6] new[1:6]
DEBUG:parso.python.diff:copy old[1:3] new[1:3]
DEBUG:parso.python.diff:parse_part from 4 to 4 (to 4 in part parser)
DEBUG:parso.python.diff:parse_part from 5 to 7 (to 6 in part parser)
DEBUG:parso.python.diff:-> code[replace] old[7:7] new[7:7]
DEBUG:parso.python.diff:diff parser end
DEBUG:parso.python.diff:diff parser start
DEBUG:parso.python.diff:line_lengths old: 7; new: 9
DEBUG:parso.python.diff:-> code[equal] old[1:6] new[1:6]
DEBUG:parso.python.diff:copy old[1:3] new[1:3]
DEBUG:parso.python.diff:parse_part from 4 to 4 (to 4 in part parser)
DEBUG:parso.python.diff:parse_part from 5 to 7 (to 8 in part parser)
DEBUG:parso.python.diff:-> code[replace] old[7:7] new[7:9]
DEBUG:parso.python.diff:parse_part from 8 to 9 (to 8 in part parser)
DEBUG:parso.python.diff:diff parser end
DEBUG:parso.python.diff:diff parser start
DEBUG:parso.python.diff:line_lengths old: 9; new: 1
DEBUG:parso.python.diff:-> code[replace] old[1:9] new[1:1]
DEBUG:parso.python.diff:parse_part from 1 to 1 (to 0 in part parser)
DEBUG:parso.python.diff:diff parser end
DEBUG:parso.python.diff:diff parser start
DEBUG:parso.python.diff:line_lengths old: 1; new: 1
DEBUG:parso.python.diff:-> code[replace] old[1:1] new[1:1]
DEBUG:parso.python.diff:parse_part from 1 to 1 (to 0 in part parser)
DEBUG:parso.python.diff:diff parser end
DEBUG:parso.python.diff:diff parser start
DEBUG:parso.python.diff:line_lengths old: 1; new: 1
DEBUG:parso.python.diff:-> code[replace] old[1:1] new[1:1]
DEBUG:parso.python.diff:parse_part from 1 to 1 (to 0 in part parser)
DEBUG:parso.python.diff:diff parser end
DEBUG:parso.python.diff:diff parser start
DEBUG:parso.python.diff:line_lengths old: 1; new: 8
DEBUG:parso.python.diff:-> code[replace] old[1:1] new[1:8]
DEBUG:parso.python.diff:parse_part from 1 to 8 (to 7 in part parser)
DEBUG:parso.python.diff:diff parser end
DEBUG:parso.python.diff:diff parser start
DEBUG:parso.python.diff:line_lengths old: 8; new: 8
DEBUG:parso.python.diff:-> code[equal] old[1:7] new[1:7]
DEBUG:parso.python.diff:copy old[1:4] new[1:4]
DEBUG:parso.python.diff:parse_part from 5 to 5 (to 5 in part parser)
DEBUG:parso.python.diff:parse_part from 6 to 8 (to 7 in part parser)
DEBUG:parso.python.diff:-> code[replace] old[8:8] new[8:8]
DEBUG:parso.python.diff:diff parser end
DEBUG:parso.cache:pickle loaded: c:\users\surya\appdata\local\programs\python\python39\lib\site-packages\jedi\third_party\typeshed\stdlib\2and3\logging\__init__.pyi
DEBUG:parso.cache:pickle loaded: c:\users\surya\appdata\local\programs\python\python39\lib\logging\config.py
DEBUG:parso.cache:pickle loaded: c:\users\surya\appdata\local\programs\python\python39\lib\site-packages\jedi\third_party\typeshed\stdlib\2and3\logging\config.pyi
DEBUG:parso.cache:pickle loaded: c:\users\surya\appdata\local\programs\python\python39\lib\logging\handlers.py
DEBUG:parso.cache:pickle loaded: c:\users\surya\appdata\local\programs\python\python39\lib\site-packages\jedi\third_party\typeshed\stdlib\2and3\logging\handlers.pyi
DEBUG:parso.cache:pickle loaded: c:\users\surya\appdata\local\programs\python\python39\lib\string.py
DEBUG:parso.cache:pickle loaded: c:\users\surya\appdata\local\programs\python\python39\lib\site-packages\jedi\third_party\typeshed\stdlib\3\string.pyi
DEBUG:parso.python.diff:diff parser start
DEBUG:parso.python.diff:line_lengths old: 8; new: 2
DEBUG:parso.python.diff:-> code[equal] old[1:1] new[1:1]
DEBUG:parso.python.diff:copy old[1:1] new[1:1]
DEBUG:parso.python.diff:-> code[replace] old[2:8] new[2:2]
DEBUG:parso.python.diff:parse_part from 2 to 2 (to 1 in part parser)
DEBUG:parso.python.diff:diff parser end
DEBUG:parso.python.diff:diff parser start
DEBUG:parso.python.diff:line_lengths old: 2; new: 2
DEBUG:parso.python.diff:-> code[equal] old[1:1] new[1:1]
DEBUG:parso.python.diff:copy old[1:1] new[1:1]
DEBUG:parso.python.diff:-> code[replace] old[2:2] new[2:2]
DEBUG:parso.python.diff:parse_part from 2 to 2 (to 1 in part parser)
DEBUG:parso.python.diff:diff parser end
DEBUG:parso.python.diff:diff parser start
DEBUG:parso.python.diff:line_lengths old: 2; new: 2
DEBUG:parso.python.diff:-> code[equal] old[1:1] new[1:1]
DEBUG:parso.python.diff:copy old[1:1] new[1:1]
DEBUG:parso.python.diff:-> code[replace] old[2:2] new[2:2]
DEBUG:parso.python.diff:parse_part from 2 to 2 (to 1 in part parser)
DEBUG:parso.python.diff:diff parser end
DEBUG:parso.python.diff:diff parser start
DEBUG:parso.python.diff:line_lengths old: 2; new: 2
DEBUG:parso.python.diff:-> code[equal] old[1:1] new[1:1]
DEBUG:parso.python.diff:copy old[1:1] new[1:1]
DEBUG:parso.python.diff:-> code[replace] old[2:2] new[2:2]
DEBUG:parso.python.diff:parse_part from 2 to 2 (to 1 in part parser)
DEBUG:parso.python.diff:diff parser end
DEBUG:parso.python.diff:diff parser start
DEBUG:parso.python.diff:line_lengths old: 2; new: 2
DEBUG:parso.python.diff:-> code[equal] old[1:1] new[1:1]
DEBUG:parso.python.diff:copy old[1:1] new[1:1]
DEBUG:parso.python.diff:-> code[replace] old[2:2] new[2:2]
DEBUG:parso.python.diff:parse_part from 2 to 2 (to 1 in part parser)
DEBUG:parso.python.diff:diff parser end
DEBUG:parso.python.diff:diff parser start
DEBUG:parso.python.diff:line_lengths old: 2; new: 2
DEBUG:parso.python.diff:-> code[equal] old[1:1] new[1:1]
DEBUG:parso.python.diff:copy old[1:1] new[1:1]
DEBUG:parso.python.diff:-> code[replace] old[2:2] new[2:2]
DEBUG:parso.python.diff:parse_part from 2 to 2 (to 1 in part parser)
DEBUG:parso.python.diff:diff parser end
DEBUG:parso.python.diff:diff parser start
DEBUG:parso.python.diff:line_lengths old: 2; new: 2
DEBUG:parso.python.diff:-> code[equal] old[1:1] new[1:1]
DEBUG:parso.python.diff:copy old[1:1] new[1:1]
DEBUG:parso.python.diff:-> code[replace] old[2:2] new[2:2]
DEBUG:parso.python.diff:parse_part from 2 to 2 (to 1 in part parser)
DEBUG:parso.python.diff:diff parser end
DEBUG:parso.python.diff:diff parser start
DEBUG:parso.python.diff:line_lengths old: 2; new: 2
DEBUG:parso.python.diff:-> code[equal] old[1:1] new[1:1]
DEBUG:parso.python.diff:copy old[1:1] new[1:1]
DEBUG:parso.python.diff:-> code[replace] old[2:2] new[2:2]
DEBUG:parso.python.diff:parse_part from 2 to 2 (to 1 in part parser)
DEBUG:parso.python.diff:diff parser end
DEBUG:parso.python.diff:diff parser start
DEBUG:parso.python.diff:line_lengths old: 2; new: 2
DEBUG:parso.python.diff:-> code[equal] old[1:1] new[1:1]
DEBUG:parso.python.diff:copy old[1:1] new[1:1]
DEBUG:parso.python.diff:-> code[replace] old[2:2] new[2:2]
DEBUG:parso.python.diff:parse_part from 2 to 2 (to 1 in part parser)
DEBUG:parso.python.diff:diff parser end
DEBUG:parso.python.diff:diff parser start
DEBUG:parso.python.diff:line_lengths old: 2; new: 10
DEBUG:parso.python.diff:-> code[equal] old[1:1] new[1:1]
DEBUG:parso.python.diff:copy old[1:1] new[1:1]
DEBUG:parso.python.diff:-> code[replace] old[2:2] new[2:10]
DEBUG:parso.python.diff:parse_part from 2 to 10 (to 9 in part parser)
DEBUG:parso.python.diff:diff parser end
